Using pre-set license
Built from '2020.3/staging' branch; Version is '2020.3.9f1 (108be757e447) revision 1084391'; Using compiler version '192528614'; Build Type 'Release'
OS: 'Windows 10 Home; OS build 19042.1237; Version 2009; 64bit' Language: 'en' Physical Memory: 16059 MB
BatchMode: 1, IsHumanControllingUs: 0, StartBugReporterOnCrash: 0, Is64bit: 1, IsPro: 0

 COMMAND LINE ARGUMENTS:
C:\Program Files\Unity\Hub\Editor\2020.3.9f1\Editor\Unity.exe
-adb2
-batchMode
-noUpm
-name
AssetImportWorker0
-projectPath
E:/Virtual&AugmentedReality(2021-2022)/Coding/CodePrototype
-logFile
Logs/AssetImportWorker0.log
-srvPort
61109
Successfully changed project path to: E:/Virtual&AugmentedReality(2021-2022)/Coding/CodePrototype
E:/Virtual&AugmentedReality(2021-2022)/Coding/CodePrototype
Using Asset Import Pipeline V2.
Refreshing native plugins compatible for Editor in 17.43 ms, found 0 plugins.
Preloading 0 native plugins for Editor in 0.00 ms.
Initialize engine version: 2020.3.9f1 (108be757e447)
[Subsystems] Discovering subsystems at path C:/Program Files/Unity/Hub/Editor/2020.3.9f1/Editor/Data/Resources/UnitySubsystems
[Subsystems] Discovering subsystems at path E:/Virtual&AugmentedReality(2021-2022)/Coding/CodePrototype/Assets
GfxDevice: creating device client; threaded=0
Direct3D:
    Version:  Direct3D 11.0 [level 11.1]
    Renderer: NVIDIA GeForce RTX 3080 (ID=0x2206)
    Vendor:   
    VRAM:     10078 MB
    Driver:   27.21.14.6137
Initialize mono
Mono path[0] = 'C:/Program Files/Unity/Hub/Editor/2020.3.9f1/Editor/Data/Managed'
Mono path[1] = 'C:/Program Files/Unity/Hub/Editor/2020.3.9f1/Editor/Data/MonoBleedingEdge/lib/mono/unityjit'
Mono config path = 'C:/Program Files/Unity/Hub/Editor/2020.3.9f1/Editor/Data/MonoBleedingEdge/etc'
Using monoOptions --debugger-agent=transport=dt_socket,embedding=1,server=y,suspend=n,address=127.0.0.1:56864
Begin MonoManager ReloadAssembly
Registering precompiled unity dll's ...
Register platform support module: C:/Program Files/Unity/Hub/Editor/2020.3.9f1/Editor/Data/PlaybackEngines/WindowsStandaloneSupport/UnityEditor.WindowsStandalone.Extensions.dll
Registered in 0.001441 seconds.
Native extension for WindowsStandalone target not found
Refreshing native plugins compatible for Editor in 19.29 ms, found 0 plugins.
Preloading 0 native plugins for Editor in 0.00 ms.
Mono: successfully reloaded assembly
- Completed reload, in  1.366 seconds
Platform modules already initialized, skipping
Registering precompiled user dll's ...
Registered in 0.000379 seconds.
Begin MonoManager ReloadAssembly
Native extension for WindowsStandalone target not found
Refreshing native plugins compatible for Editor in 0.17 ms, found 0 plugins.
Preloading 0 native plugins for Editor in 0.00 ms.
Mono: successfully reloaded assembly
- Completed reload, in  0.670 seconds
Platform modules already initialized, skipping
========================================================================
Worker process is ready to serve import requests
Launched and connected shader compiler UnityShaderCompiler.exe after 0.03 seconds
Refreshing native plugins compatible for Editor in 0.16 ms, found 0 plugins.
Preloading 0 native plugins for Editor in 0.00 ms.
Unloading 1120 Unused Serialized files (Serialized files now loaded: 0)
System memory in use before: 57.4 MB.
System memory in use after: 57.4 MB.

Unloading 10 unused Assets to reduce memory usage. Loaded Objects now: 1563.
Total: 1.326700 ms (FindLiveObjects: 0.099300 ms CreateObjectMapping: 0.028000 ms MarkObjects: 1.128500 ms  DeleteObjects: 0.070000 ms)

========================================================================
Received Import Request.
  path: Assets/Scripts/guessLogic.cs
  artifactKey: Guid(0ae223e96ecd5164985d2e95d2512850) Importer(815301076,1909f56bfc062723c751e8b465ee728b)
Start importing Assets/Scripts/guessLogic.cs using Guid(0ae223e96ecd5164985d2e95d2512850) Importer(815301076,1909f56bfc062723c751e8b465ee728b)  -> (artifact id: '630e1af51aa83d02747b192598b934ff') in 0.019652 seconds
  Import took 0.021189 seconds .

========================================================================
Received Prepare
Refreshing native plugins compatible for Editor in 0.43 ms, found 0 plugins.
Preloading 0 native plugins for Editor in 0.00 ms.
Unloading 3 Unused Serialized files (Serialized files now loaded: 0)
System memory in use before: 35.0 MB.
System memory in use after: 35.1 MB.

Unloading 3 unused Assets to reduce memory usage. Loaded Objects now: 1563.
Total: 1.076200 ms (FindLiveObjects: 0.079300 ms CreateObjectMapping: 0.021400 ms MarkObjects: 0.944400 ms  DeleteObjects: 0.030400 ms)

========================================================================
Received Import Request.
  Time since last request: 32.800461 seconds.
  path: Assets/Scripts/guessLogic.cs
  artifactKey: Guid(0ae223e96ecd5164985d2e95d2512850) Importer(815301076,1909f56bfc062723c751e8b465ee728b)
Start importing Assets/Scripts/guessLogic.cs using Guid(0ae223e96ecd5164985d2e95d2512850) Importer(815301076,1909f56bfc062723c751e8b465ee728b)  -> (artifact id: 'ebd7338da883a72c4947d3597e236ba8') in 0.004722 seconds
  Import took 0.005906 seconds .

========================================================================
Received Prepare
Registering precompiled user dll's ...
Registered in 0.000284 seconds.
Begin MonoManager ReloadAssembly
Native extension for WindowsStandalone target not found
Refreshing native plugins compatible for Editor in 0.15 ms, found 0 plugins.
Preloading 0 native plugins for Editor in 0.00 ms.
Mono: successfully reloaded assembly
- Completed reload, in  0.525 seconds
Platform modules already initialized, skipping
Refreshing native plugins compatible for Editor in 0.15 ms, found 0 plugins.
Preloading 0 native plugins for Editor in 0.00 ms.
Unloading 1115 Unused Serialized files (Serialized files now loaded: 0)
System memory in use before: 57.3 MB.
System memory in use after: 57.4 MB.

Unloading 5 unused Assets to reduce memory usage. Loaded Objects now: 1566.
Total: 1.098900 ms (FindLiveObjects: 0.081700 ms CreateObjectMapping: 0.023600 ms MarkObjects: 0.954800 ms  DeleteObjects: 0.038100 ms)

========================================================================
Received Prepare
Registering precompiled user dll's ...
Registered in 0.000311 seconds.
Begin MonoManager ReloadAssembly
Native extension for WindowsStandalone target not found
Refreshing native plugins compatible for Editor in 0.15 ms, found 0 plugins.
Preloading 0 native plugins for Editor in 0.00 ms.
Mono: successfully reloaded assembly
- Completed reload, in  0.495 seconds
Platform modules already initialized, skipping
Refreshing native plugins compatible for Editor in 0.15 ms, found 0 plugins.
Preloading 0 native plugins for Editor in 0.00 ms.
Unloading 1115 Unused Serialized files (Serialized files now loaded: 0)
System memory in use before: 57.3 MB.
System memory in use after: 57.4 MB.

Unloading 5 unused Assets to reduce memory usage. Loaded Objects now: 1569.
Total: 1.092400 ms (FindLiveObjects: 0.081700 ms CreateObjectMapping: 0.022700 ms MarkObjects: 0.952900 ms  DeleteObjects: 0.034500 ms)

========================================================================
Received Import Request.
  Time since last request: 75.378608 seconds.
  path: Assets/Scripts/playerInput.cs
  artifactKey: Guid(ff5cbfb0604938e4095d2a10a2ab2e51) Importer(815301076,1909f56bfc062723c751e8b465ee728b)
Start importing Assets/Scripts/playerInput.cs using Guid(ff5cbfb0604938e4095d2a10a2ab2e51) Importer(815301076,1909f56bfc062723c751e8b465ee728b)  -> (artifact id: 'dc64e1cc9387a9851f814eff38e43dea') in 0.011606 seconds
  Import took 0.013099 seconds .

========================================================================
Received Import Request.
  Time since last request: 15.918253 seconds.
  path: Assets/Scripts/ingredientsScript.cs
  artifactKey: Guid(18be781522417ff469eab1f78066fb49) Importer(815301076,1909f56bfc062723c751e8b465ee728b)
Start importing Assets/Scripts/ingredientsScript.cs using Guid(18be781522417ff469eab1f78066fb49) Importer(815301076,1909f56bfc062723c751e8b465ee728b)  -> (artifact id: '9a9bb8fa7965365fe45f0eed4810da0f') in 0.010478 seconds
  Import took 0.011870 seconds .

========================================================================
Received Prepare
Registering precompiled user dll's ...
Registered in 0.000331 seconds.
Begin MonoManager ReloadAssembly
Native extension for WindowsStandalone target not found
Refreshing native plugins compatible for Editor in 0.15 ms, found 0 plugins.
Preloading 0 native plugins for Editor in 0.00 ms.
Mono: successfully reloaded assembly
- Completed reload, in  0.498 seconds
Platform modules already initialized, skipping
Refreshing native plugins compatible for Editor in 0.16 ms, found 0 plugins.
Preloading 0 native plugins for Editor in 0.00 ms.
Unloading 1115 Unused Serialized files (Serialized files now loaded: 0)
System memory in use before: 57.3 MB.
System memory in use after: 57.4 MB.

Unloading 5 unused Assets to reduce memory usage. Loaded Objects now: 1572.
Total: 1.160500 ms (FindLiveObjects: 0.100300 ms CreateObjectMapping: 0.026600 ms MarkObjects: 0.991500 ms  DeleteObjects: 0.041100 ms)

========================================================================
Received Prepare
Registering precompiled user dll's ...
Registered in 0.000510 seconds.
Begin MonoManager ReloadAssembly
Native extension for WindowsStandalone target not found
Refreshing native plugins compatible for Editor in 0.17 ms, found 0 plugins.
Preloading 0 native plugins for Editor in 0.00 ms.
Mono: successfully reloaded assembly
- Completed reload, in  0.559 seconds
Platform modules already initialized, skipping
Refreshing native plugins compatible for Editor in 0.14 ms, found 0 plugins.
Preloading 0 native plugins for Editor in 0.00 ms.
Unloading 1115 Unused Serialized files (Serialized files now loaded: 0)
System memory in use before: 57.3 MB.
System memory in use after: 57.4 MB.

Unloading 5 unused Assets to reduce memory usage. Loaded Objects now: 1575.
Total: 1.245000 ms (FindLiveObjects: 0.081700 ms CreateObjectMapping: 0.021800 ms MarkObjects: 1.105300 ms  DeleteObjects: 0.035400 ms)

AssetImportWorkerClient::OnTransportError - code=2 error=End of file
